<?xml version="1.0" encoding="UTF-8"?>
<!-- Generated by org.testng.reporters.JUnitXMLReporter -->
<testsuite hostname="GHINLCPC179H9M" ignored="0" name="Valid Pillow Purchase" tests="1" failures="1" timestamp="18 Jun 2020 07:05:28 GMT" time="6.467" errors="0">
  <testcase name="Pillow_Purchase" time="0.421" classname="com.atc.seleniumframework.tests.Pillow_Purchase">
    <failure type="java.lang.NullPointerException" message="null value in entry: url=null">
      <![CDATA[java.lang.NullPointerException: null value in entry: url=null
at com.google.common.collect.CollectPreconditions.checkEntryNotNull(CollectPreconditions.java:32)
at com.google.common.collect.SingletonImmutableBiMap.<init>(SingletonImmutableBiMap.java:42)
at com.google.common.collect.ImmutableBiMap.of(ImmutableBiMap.java:72)
at com.google.common.collect.ImmutableMap.of(ImmutableMap.java:124)
at org.openqa.selenium.remote.RemoteWebDriver.get(RemoteWebDriver.java:276)
at org.openqa.selenium.support.events.EventFiringWebDriver.lambda$new$1(EventFiringWebDriver.java:105)
at com.sun.proxy.$Proxy12.get(Unknown Source)
at org.openqa.selenium.support.events.EventFiringWebDriver.get(EventFiringWebDriver.java:165)
at com.atc.seleniumframework.pages.web.Web_OrderPage.launchApp(Web_OrderPage.java:17)
at com.atc.seleniumframework.tests.Pillow_Purchase.Pillow_Purchase(Pillow_Purchase.java:30)
... Removed 29 stack frames]]>
    </failure>
  </testcase> <!-- Pillow_Purchase -->
</testsuite> <!-- Valid Pillow Purchase -->
